-------------------------------------------------------------------------------
Test set: demo.FeatureRunner
-------------------------------------------------------------------------------
Tests run: 1, Failures: 0, Errors: 1, Skipped: 0, Time elapsed: 0.282 s <<< FAILURE! - in demo.FeatureRunner
testNominalScenario  Time elapsed: 0.281 s  <<< ERROR!
java.lang.ExceptionInInitializerError
Caused by: java.lang.NullPointerException: Cannot invoke "javax.script.ScriptEngine.createBindings()" because "com.intuit.karate.ScriptBindings.NASHORN" is null

